<?xml version="1.0" encoding="UTF-8"?>
<testng-results ignored="0" total="1" passed="1" failed="0" skipped="0">
  <reporter-output>
  </reporter-output>
  <suite started-at="2025-05-09T13:40:10 IST" name="Suite" finished-at="2025-05-09T13:40:24 IST" duration-ms="14384">
    <groups>
    </groups>
    <test started-at="2025-05-09T13:40:10 IST" name="Test" finished-at="2025-05-09T13:40:24 IST" duration-ms="14384">
      <class name="UITest">
        <test-method signature="startbrowser(java.lang.String)[pri:0, instance:UITest@15ff3e9e]" started-at="2025-05-09T13:40:10 IST" name="startbrowser" finished-at="2025-05-09T13:40:24 IST" duration-ms="14299" status="PASS">
          <params>
            <param index="0">
              <value>
                <![CDATA[chrome]]>
              </value>
            </param>
          </params>
          <reporter-output>
          </reporter-output>
        </test-method> <!-- startbrowser -->
      </class> <!-- UITest -->
    </test> <!-- Test -->
  </suite> <!-- Suite -->
</testng-results>
