<?xml version="1.0" encoding="UTF-8"?>
<testng-results ignored="0" total="1" passed="1" failed="0" skipped="0">
  <reporter-output>
  </reporter-output>
  <suite started-at="2025-05-08T14:16:37 IST" name="Surefire suite" finished-at="2025-05-08T14:16:50 IST" duration-ms="12905">
    <groups>
    </groups>
    <test started-at="2025-05-08T14:16:37 IST" name="Surefire test" finished-at="2025-05-08T14:16:50 IST" duration-ms="12905">
      <class name="UITest">
        <test-method signature="startbrowser()[pri:0, instance:UITest@20d28811]" started-at="2025-05-08T14:16:37 IST" name="startbrowser" finished-at="2025-05-08T14:16:50 IST" duration-ms="12784" status="PASS">
          <reporter-output>
          </reporter-output>
        </test-method> <!-- startbrowser -->
      </class> <!-- UITest -->
    </test> <!-- Surefire test -->
  </suite> <!-- Surefire suite -->
</testng-results>
